c:\users\blnman002\downloads\blnman002 (1)\2019-qlearning\clean_slate\debug\vc142.pdb
c:\users\blnman002\downloads\blnman002 (1)\2019-qlearning\clean_slate\debug\vc142.idb
c:\users\blnman002\downloads\blnman002 (1)\2019-qlearning\clean_slate\debug\c2dmatrix.obj
c:\users\blnman002\downloads\blnman002 (1)\2019-qlearning\clean_slate\debug\ccollisionobject.obj
c:\users\blnman002\downloads\blnman002 (1)\2019-qlearning\clean_slate\debug\ccontcollisionobject.obj
c:\users\blnman002\downloads\blnman002 (1)\2019-qlearning\clean_slate\debug\ccontcontroller.obj
c:\users\blnman002\downloads\blnman002 (1)\2019-qlearning\clean_slate\debug\ccontroller.obj
c:\users\blnman002\downloads\blnman002 (1)\2019-qlearning\clean_slate\debug\ccontminesweeper.obj
c:\users\blnman002\downloads\blnman002 (1)\2019-qlearning\clean_slate\debug\cdisccollisionobject.obj
c:\users\blnman002\downloads\blnman002 (1)\2019-qlearning\clean_slate\debug\cdisccontroller.obj
c:\users\blnman002\downloads\blnman002 (1)\2019-qlearning\clean_slate\debug\cdiscminesweeper.obj
c:\users\blnman002\downloads\blnman002 (1)\2019-qlearning\clean_slate\debug\cparams.obj
c:\users\blnman002\downloads\blnman002 (1)\2019-qlearning\clean_slate\debug\cqlearningcontroller.obj
c:\users\blnman002\downloads\blnman002 (1)\2019-qlearning\clean_slate\debug\ctimer.obj
c:\users\blnman002\downloads\blnman002 (1)\2019-qlearning\clean_slate\debug\main.obj
c:\users\blnman002\downloads\blnman002 (1)\2019-qlearning\clean_slate\debug\cminesweeper.obj
c:\users\blnman002\downloads\blnman002 (1)\2019-qlearning\clean_slate\debug\utils.obj
c:\users\blnman002\downloads\blnman002 (1)\2019-qlearning\clean_slate\debug\smart sweepers.exe
c:\users\blnman002\downloads\blnman002 (1)\2019-qlearning\clean_slate\debug\smart sweepers.ilk
c:\users\blnman002\downloads\blnman002 (1)\2019-qlearning\clean_slate\debug\smart sweepers.pdb
c:\users\blnman002\downloads\blnman002 (1)\2019-qlearning\clean_slate\debug\script1.res
c:\users\blnman002\downloads\blnman002 (1)\2019-qlearning\clean_slate\.\debug\smart sweepers.exe
c:\users\blnman002\downloads\blnman002 (1)\2019-qlearning\clean_slate\debug\smart sweepers.tlog\cl.command.1.tlog
c:\users\blnman002\downloads\blnman002 (1)\2019-qlearning\clean_slate\debug\smart sweepers.tlog\cl.read.1.tlog
c:\users\blnman002\downloads\blnman002 (1)\2019-qlearning\clean_slate\debug\smart sweepers.tlog\cl.write.1.tlog
c:\users\blnman002\downloads\blnman002 (1)\2019-qlearning\clean_slate\debug\smart sweepers.tlog\link.command.1.tlog
c:\users\blnman002\downloads\blnman002 (1)\2019-qlearning\clean_slate\debug\smart sweepers.tlog\link.read.1.tlog
c:\users\blnman002\downloads\blnman002 (1)\2019-qlearning\clean_slate\debug\smart sweepers.tlog\link.write.1.tlog
c:\users\blnman002\downloads\blnman002 (1)\2019-qlearning\clean_slate\debug\smart sweepers.tlog\rc.command.1.tlog
c:\users\blnman002\downloads\blnman002 (1)\2019-qlearning\clean_slate\debug\smart sweepers.tlog\rc.read.1.tlog
c:\users\blnman002\downloads\blnman002 (1)\2019-qlearning\clean_slate\debug\smart sweepers.tlog\rc.write.1.tlog
